<?xml version="1.0" encoding="UTF-8"?>
<!-- Generated by org.testng.reporters.JUnitXMLReporter -->
<testsuite ignored="1" hostname="Vihangam" failures="0" tests="1" name="Default test" time="2.368" errors="0" timestamp="2026-02-09T23:42:53 IST">
  <testcase classname="testpractice.Testingxmlapi" name="testxmlapisusingresponse" time="2.322"/>
  <testcase classname="testpractice.Testingxmlapi" name="testxmlapis" time="0.0">
    <ignored/>
  </testcase> <!-- testxmlapis -->
</testsuite> <!-- Default test -->
