<?xml version="1.0" encoding="UTF-8"?>
<!-- Generated by org.testng.reporters.JUnitXMLReporter -->
<testsuite ignored="0" hostname="Vihangam" failures="0" tests="9" name="petstoretestng" time="12.737" errors="0" timestamp="2026-02-09T23:31:22 IST">
  <testcase classname="petstore.Practicepetstoretestusingurlsfromfile" name="createUser" time="3.027"/>
  <testcase classname="petstore.Practicepetstoretestusingurlsfromfile" name="createUser" time="1.098"/>
  <testcase classname="petstore.Practicepetstoretestusingurlsfromfile" name="createUser" time="1.144"/>
  <testcase classname="petstore.Practicepetstoretestusingurlsfromfile" name="getUser" time="1.174"/>
  <testcase classname="petstore.Practicepetstoretestusingurlsfromfile" name="getUser" time="1.056"/>
  <testcase classname="petstore.Practicepetstoretestusingurlsfromfile" name="getUser" time="1.058"/>
  <testcase classname="petstore.Practicepetstoretestusingurlsfromfile" name="deleteUser" time="1.068"/>
  <testcase classname="petstore.Practicepetstoretestusingurlsfromfile" name="deleteUser" time="1.046"/>
  <testcase classname="petstore.Practicepetstoretestusingurlsfromfile" name="deleteUser" time="1.123"/>
</testsuite> <!-- petstoretestng -->
