<?xml version="1.0" encoding="UTF-8"?>
<!-- Generated by org.testng.reporters.JUnitReportReporter -->
<testsuite hostname="Vihangam" failures="0" tests="3" name="petstore.CreateUser" time="5.117" errors="0" timestamp="2026-02-05T00:03:40 IST" skipped="0">
  <testcase classname="petstore.CreateUser" name="getUser" time="1.137"/>
  <testcase classname="petstore.CreateUser" name="getUser" time="2.805"/>
  <testcase classname="petstore.CreateUser" name="getUser" time="1.175"/>
</testsuite> <!-- petstore.CreateUser -->
