<?xml version="1.0" encoding="UTF-8"?>
<!-- Generated by org.testng.reporters.JUnitReportReporter -->
<testsuite hostname="Vihangam" failures="0" tests="4" name="testpractice.Authentication" time="2.939" errors="0" timestamp="2026-01-21T23:38:45 IST" skipped="3">
  <testcase classname="testpractice.Authentication" name="bearertoken" time="2.939"/>
  <testcase classname="testpractice.Authentication" name="basictest">
    <skipped/>
  </testcase> <!-- basictest -->
  <testcase classname="testpractice.Authentication" name="digestest">
    <skipped/>
  </testcase> <!-- digestest -->
  <testcase classname="testpractice.Authentication" name="preemptive">
    <skipped/>
  </testcase> <!-- preemptive -->
</testsuite> <!-- testpractice.Authentication -->
