<?xml version="1.0" encoding="UTF-8"?>
<!-- Generated by org.testng.reporters.JUnitReportReporter -->
<testsuite hostname="Vihangam" failures="0" tests="2" name="testpractice.Testingxmlapi" time="2.322" errors="0" timestamp="2026-02-09T23:42:53 IST" skipped="1">
  <testcase classname="testpractice.Testingxmlapi" name="testxmlapisusingresponse" time="2.322"/>
  <testcase classname="testpractice.Testingxmlapi" name="testxmlapis">
    <skipped/>
  </testcase> <!-- testxmlapis -->
</testsuite> <!-- testpractice.Testingxmlapi -->
