<?xml version="1.0" encoding="UTF-8"?>
<!-- Generated by org.testng.reporters.JUnitReportReporter -->
<testsuite hostname="Vihangam" failures="0" tests="6" name="testpractice.testcookiesandheader" time="3.171" errors="0" timestamp="2026-01-19T01:43:47 IST" skipped="5">
  <testcase classname="testpractice.testcookiesandheader" name="printelementsusingjson" time="3.171"/>
  <testcase classname="testpractice.testcookiesandheader" name="printallcookie">
    <skipped/>
  </testcase> <!-- printallcookie -->
  <testcase classname="testpractice.testcookiesandheader" name="testmultipleheaders">
    <skipped/>
  </testcase> <!-- testmultipleheaders -->
  <testcase classname="testpractice.testcookiesandheader" name="testcookie">
    <skipped/>
  </testcase> <!-- testcookie -->
  <testcase classname="testpractice.testcookiesandheader" name="testheader">
    <skipped/>
  </testcase> <!-- testheader -->
  <testcase classname="testpractice.testcookiesandheader" name="compareelements">
    <skipped/>
  </testcase> <!-- compareelements -->
</testsuite> <!-- testpractice.testcookiesandheader -->
