<?xml version="1.0" encoding="UTF-8"?>
<!-- Generated by org.testng.reporters.JUnitReportReporter -->
<testsuite hostname="Vihangam" failures="0" tests="9" name="petstore.Practicepetstoretestusingurlsfromfile" time="11.794" errors="0" timestamp="2026-02-09T23:31:22 IST" skipped="0">
  <testcase classname="petstore.Practicepetstoretestusingurlsfromfile" name="createUser" time="3.027"/>
  <testcase classname="petstore.Practicepetstoretestusingurlsfromfile" name="createUser" time="1.098"/>
  <testcase classname="petstore.Practicepetstoretestusingurlsfromfile" name="createUser" time="1.144"/>
  <testcase classname="petstore.Practicepetstoretestusingurlsfromfile" name="getUser" time="1.058"/>
  <testcase classname="petstore.Practicepetstoretestusingurlsfromfile" name="getUser" time="1.174"/>
  <testcase classname="petstore.Practicepetstoretestusingurlsfromfile" name="getUser" time="1.056"/>
  <testcase classname="petstore.Practicepetstoretestusingurlsfromfile" name="deleteUser" time="1.068"/>
  <testcase classname="petstore.Practicepetstoretestusingurlsfromfile" name="deleteUser" time="1.123"/>
  <testcase classname="petstore.Practicepetstoretestusingurlsfromfile" name="deleteUser" time="1.046"/>
</testsuite> <!-- petstore.Practicepetstoretestusingurlsfromfile -->
