<?xml version="1.0" encoding="UTF-8"?>
<!-- Generated by org.testng.reporters.JUnitReportReporter -->
<testsuite hostname="Vihangam" failures="0" tests="3" name="testpractice.Convertingjavaobjecttojsonandviceversa" time="0.385" errors="0" timestamp="2026-01-21T20:24:36 IST" skipped="2">
  <testcase classname="testpractice.Convertingjavaobjecttojsonandviceversa" name="jsontoobjectfromfile" time="0.385"/>
  <testcase classname="testpractice.Convertingjavaobjecttojsonandviceversa" name="objecttojson">
    <skipped/>
  </testcase> <!-- objecttojson -->
  <testcase classname="testpractice.Convertingjavaobjecttojsonandviceversa" name="jsontoobject">
    <skipped/>
  </testcase> <!-- jsontoobject -->
</testsuite> <!-- testpractice.Convertingjavaobjecttojsonandviceversa -->
