<?xml version="1.0" encoding="UTF-8"?>
<!-- Generated by org.testng.reporters.JUnitReportReporter -->
<testsuite hostname="Vihangam" failures="0" tests="4" name="testpractice.Simpletestpractice" time="2.756" errors="0" timestamp="2026-01-29T22:32:47 IST" skipped="0">
  <testcase classname="testpractice.Simpletestpractice" name="getuser" time="1.690"/>
  <testcase classname="testpractice.Simpletestpractice" name="postuser" time="0.983"/>
  <testcase classname="testpractice.Simpletestpractice" name="updateuserusingput" time="0.044"/>
  <testcase classname="testpractice.Simpletestpractice" name="updateuserusingpatch" time="0.039"/>
</testsuite> <!-- testpractice.Simpletestpractice -->
