<?xml version="1.0" encoding="UTF-8"?>
<!-- Generated by org.testng.reporters.JUnitReportReporter -->
<testsuite hostname="Vihangam" failures="0" tests="9" name="petstore.Practicepetstoretestusingdataprovider" time="11.912" errors="0" timestamp="2026-02-09T23:51:06 IST" skipped="0">
  <testcase classname="petstore.Practicepetstoretestusingdataprovider" name="createUser" time="3.116"/>
  <testcase classname="petstore.Practicepetstoretestusingdataprovider" name="createUser" time="1.144"/>
  <testcase classname="petstore.Practicepetstoretestusingdataprovider" name="createUser" time="1.052"/>
  <testcase classname="petstore.Practicepetstoretestusingdataprovider" name="getUser" time="1.101"/>
  <testcase classname="petstore.Practicepetstoretestusingdataprovider" name="getUser" time="1.172"/>
  <testcase classname="petstore.Practicepetstoretestusingdataprovider" name="getUser" time="1.082"/>
  <testcase classname="petstore.Practicepetstoretestusingdataprovider" name="deleteUser" time="1.062"/>
  <testcase classname="petstore.Practicepetstoretestusingdataprovider" name="deleteUser" time="1.045"/>
  <testcase classname="petstore.Practicepetstoretestusingdataprovider" name="deleteUser" time="1.138"/>
</testsuite> <!-- petstore.Practicepetstoretestusingdataprovider -->
