<?xml version="1.0" encoding="UTF-8"?>
<!-- Generated by org.testng.reporters.JUnitReportReporter -->
<testsuite hostname="Vihangam" failures="0" tests="2" name="testpractice.Validateschemas" time="3.288" errors="0" timestamp="2026-01-20T22:47:52 IST" skipped="1">
  <testcase classname="testpractice.Validateschemas" name="validatejsonschema" time="3.288"/>
  <testcase classname="testpractice.Validateschemas" name="validatexmlschema">
    <skipped/>
  </testcase> <!-- validatexmlschema -->
</testsuite> <!-- testpractice.Validateschemas -->
