<?xml version="1.0" encoding="UTF-8"?>
<!-- Generated by org.testng.reporters.JUnitReportReporter -->
<testsuite hostname="Vihangam" failures="0" tests="2" name="testpractice.Uploadfile" time="1.642" errors="0" timestamp="2026-01-19T23:43:06 IST" skipped="1">
  <testcase classname="testpractice.Uploadfile" name="downloadloadfile" time="1.642"/>
  <testcase classname="testpractice.Uploadfile" name="uploadfile">
    <skipped/>
  </testcase> <!-- uploadfile -->
</testsuite> <!-- testpractice.Uploadfile -->
